[2019-03-29 14:45:52] DEBUG 137 statementLog - {conn-10005, pstmt-20000} created. SELECT
        t1.id,
        t1.menu_name,
        t1.url,
        t1.level,
        t1.img,
        t1.parent_id,
        t1.role_id,
        t2.id AS sec_id,
        t2.menu_name AS sec_menu,
        t2.url AS sec_url,
        t2.LEVEL AS sec_level
    FROM
        menu t1
        LEFT JOIN menu t2 ON ( t1.id = t2.parent_id )
    WHERE
        t1.level = 1 and t1.role_id = ?
    ORDER BY
	    t1.id;
[2019-03-29 14:45:52] DEBUG 137 statementLog - {conn-10005, pstmt-20000} Parameters : [1]
[2019-03-29 14:45:52] DEBUG 137 statementLog - {conn-10005, pstmt-20000} Types : [INTEGER]
[2019-03-29 14:45:52] DEBUG 137 statementLog - {conn-10005, pstmt-20000} executed. 4.855188 millis. SELECT
        t1.id,
        t1.menu_name,
        t1.url,
        t1.level,
        t1.img,
        t1.parent_id,
        t1.role_id,
        t2.id AS sec_id,
        t2.menu_name AS sec_menu,
        t2.url AS sec_url,
        t2.LEVEL AS sec_level
    FROM
        menu t1
        LEFT JOIN menu t2 ON ( t1.id = t2.parent_id )
    WHERE
        t1.level = 1 and t1.role_id = ?
    ORDER BY
	    t1.id;
[2019-03-29 14:45:52] DEBUG 137 statementLog - {conn-10005, pstmt-20000} clearParameters. 
[2019-03-29 14:45:52] DEBUG 137 statementLog - {conn-10005, pstmt-20000} closed
