[2019-03-30 16:33:55] DEBUG 137 statementLog - {conn-10005, pstmt-20000} created. SELECT
        t1.id,
        t1.menu_name,
        t1.url,
        t1.level,
        t1.img,
        t1.parent_id,
        t1.role_id,
        t2.id AS sec_id,
        t2.menu_name AS sec_menu,
        t2.url AS sec_url,
        t2.LEVEL AS sec_level
    FROM
        menu t1
        LEFT JOIN menu t2 ON ( t1.id = t2.parent_id and t1.role_id = t2.role_id)
    WHERE
        (t1.id= ? or t2.id = ?) and (t1.level = 1 or t2.level = 2) and LENGTH(trim(t1.url))>1;
[2019-03-30 16:33:55] DEBUG 137 statementLog - {conn-10005, pstmt-20000} Parameters : [1, null]
[2019-03-30 16:33:55] DEBUG 137 statementLog - {conn-10005, pstmt-20000} Types : [INTEGER, OTHER]
[2019-03-30 16:33:55] DEBUG 137 statementLog - {conn-10005, pstmt-20000} executed. 3.329855 millis. SELECT
        t1.id,
        t1.menu_name,
        t1.url,
        t1.level,
        t1.img,
        t1.parent_id,
        t1.role_id,
        t2.id AS sec_id,
        t2.menu_name AS sec_menu,
        t2.url AS sec_url,
        t2.LEVEL AS sec_level
    FROM
        menu t1
        LEFT JOIN menu t2 ON ( t1.id = t2.parent_id and t1.role_id = t2.role_id)
    WHERE
        (t1.id= ? or t2.id = ?) and (t1.level = 1 or t2.level = 2) and LENGTH(trim(t1.url))>1;
[2019-03-30 16:33:55] DEBUG 137 statementLog - {conn-10005, pstmt-20000} clearParameters. 
[2019-03-30 16:33:55] DEBUG 137 statementLog - {conn-10005, pstmt-20000} closed
[2019-03-30 16:34:14] DEBUG 137 statementLog - {conn-10005, pstmt-20000} created. SELECT
        t1.id,
        t1.menu_name,
        t1.url,
        t1.level,
        t1.img,
        t1.parent_id,
        t1.role_id,
        t2.id AS sec_id,
        t2.menu_name AS sec_menu,
        t2.url AS sec_url,
        t2.LEVEL AS sec_level
    FROM
        menu t1
        LEFT JOIN menu t2 ON ( t1.id = t2.parent_id and t1.role_id = t2.role_id)
    WHERE
        (t1.id= ? or t2.id = ?) and (t1.level = 1 or t2.level = 2) and LENGTH(trim(t1.url))>1;
[2019-03-30 16:34:14] DEBUG 137 statementLog - {conn-10005, pstmt-20000} Parameters : [null, 6]
[2019-03-30 16:34:14] DEBUG 137 statementLog - {conn-10005, pstmt-20000} Types : [OTHER, INTEGER]
[2019-03-30 16:34:14] DEBUG 137 statementLog - {conn-10005, pstmt-20000} executed. 2.945855 millis. SELECT
        t1.id,
        t1.menu_name,
        t1.url,
        t1.level,
        t1.img,
        t1.parent_id,
        t1.role_id,
        t2.id AS sec_id,
        t2.menu_name AS sec_menu,
        t2.url AS sec_url,
        t2.LEVEL AS sec_level
    FROM
        menu t1
        LEFT JOIN menu t2 ON ( t1.id = t2.parent_id and t1.role_id = t2.role_id)
    WHERE
        (t1.id= ? or t2.id = ?) and (t1.level = 1 or t2.level = 2) and LENGTH(trim(t1.url))>1;
[2019-03-30 16:34:14] DEBUG 137 statementLog - {conn-10005, pstmt-20000} clearParameters. 
[2019-03-30 16:34:14] DEBUG 137 statementLog - {conn-10005, pstmt-20000} closed
[2019-03-30 16:38:26] DEBUG 137 statementLog - {conn-10005, pstmt-20000} created. SELECT
        t1.id,
        t1.menu_name,
        t1.url,
        t1.LEVEL,
        t1.img,
        t1.parent_id,
        t1.role_id,
        t2.id AS sec_id,
        t2.menu_name AS sec_menu,
        t2.url AS sec_url,
        t2.LEVEL AS sec_level
    FROM
        menu t1
        LEFT JOIN menu t2 ON ( t1.id = t2.parent_id AND t1.role_id = t2.role_id )
    WHERE
        ( t1.id = ? OR t2.id = ? )
        AND ( t1.LEVEL = 1 OR t2.LEVEL = 2 )
        AND ( LENGTH( trim( t1.url ) ) >= 1 OR LENGTH( trim( t2.url ) ) >= 1 );
[2019-03-30 16:38:26] DEBUG 137 statementLog - {conn-10005, pstmt-20000} Parameters : [null, 6]
[2019-03-30 16:38:26] DEBUG 137 statementLog - {conn-10005, pstmt-20000} Types : [OTHER, INTEGER]
[2019-03-30 16:38:26] DEBUG 137 statementLog - {conn-10005, pstmt-20000} executed. 2.833623 millis. SELECT
        t1.id,
        t1.menu_name,
        t1.url,
        t1.LEVEL,
        t1.img,
        t1.parent_id,
        t1.role_id,
        t2.id AS sec_id,
        t2.menu_name AS sec_menu,
        t2.url AS sec_url,
        t2.LEVEL AS sec_level
    FROM
        menu t1
        LEFT JOIN menu t2 ON ( t1.id = t2.parent_id AND t1.role_id = t2.role_id )
    WHERE
        ( t1.id = ? OR t2.id = ? )
        AND ( t1.LEVEL = 1 OR t2.LEVEL = 2 )
        AND ( LENGTH( trim( t1.url ) ) >= 1 OR LENGTH( trim( t2.url ) ) >= 1 );
[2019-03-30 16:38:26] DEBUG 137 statementLog - {conn-10005, pstmt-20000} clearParameters. 
[2019-03-30 16:38:26] DEBUG 137 statementLog - {conn-10005, pstmt-20000} closed
[2019-03-30 16:38:45] DEBUG 137 statementLog - {conn-10005, pstmt-20000} created. SELECT
        t1.id,
        t1.menu_name,
        t1.url,
        t1.LEVEL,
        t1.img,
        t1.parent_id,
        t1.role_id,
        t2.id AS sec_id,
        t2.menu_name AS sec_menu,
        t2.url AS sec_url,
        t2.LEVEL AS sec_level
    FROM
        menu t1
        LEFT JOIN menu t2 ON ( t1.id = t2.parent_id AND t1.role_id = t2.role_id )
    WHERE
        ( t1.id = ? OR t2.id = ? )
        AND ( t1.LEVEL = 1 OR t2.LEVEL = 2 )
        AND ( LENGTH( trim( t1.url ) ) >= 1 OR LENGTH( trim( t2.url ) ) >= 1 );
[2019-03-30 16:38:45] DEBUG 137 statementLog - {conn-10005, pstmt-20000} Parameters : [null, 7]
[2019-03-30 16:38:45] DEBUG 137 statementLog - {conn-10005, pstmt-20000} Types : [OTHER, INTEGER]
[2019-03-30 16:38:45] DEBUG 137 statementLog - {conn-10005, pstmt-20000} executed. 2.742725 millis. SELECT
        t1.id,
        t1.menu_name,
        t1.url,
        t1.LEVEL,
        t1.img,
        t1.parent_id,
        t1.role_id,
        t2.id AS sec_id,
        t2.menu_name AS sec_menu,
        t2.url AS sec_url,
        t2.LEVEL AS sec_level
    FROM
        menu t1
        LEFT JOIN menu t2 ON ( t1.id = t2.parent_id AND t1.role_id = t2.role_id )
    WHERE
        ( t1.id = ? OR t2.id = ? )
        AND ( t1.LEVEL = 1 OR t2.LEVEL = 2 )
        AND ( LENGTH( trim( t1.url ) ) >= 1 OR LENGTH( trim( t2.url ) ) >= 1 );
[2019-03-30 16:38:45] DEBUG 137 statementLog - {conn-10005, pstmt-20000} clearParameters. 
[2019-03-30 16:38:45] DEBUG 137 statementLog - {conn-10005, pstmt-20000} closed
[2019-03-30 16:39:00] DEBUG 137 statementLog - {conn-10005, pstmt-20000} created. SELECT
        t1.id,
        t1.menu_name,
        t1.url,
        t1.LEVEL,
        t1.img,
        t1.parent_id,
        t1.role_id,
        t2.id AS sec_id,
        t2.menu_name AS sec_menu,
        t2.url AS sec_url,
        t2.LEVEL AS sec_level
    FROM
        menu t1
        LEFT JOIN menu t2 ON ( t1.id = t2.parent_id AND t1.role_id = t2.role_id )
    WHERE
        ( t1.id = ? OR t2.id = ? )
        AND ( t1.LEVEL = 1 OR t2.LEVEL = 2 )
        AND ( LENGTH( trim( t1.url ) ) >= 1 OR LENGTH( trim( t2.url ) ) >= 1 );
[2019-03-30 16:39:00] DEBUG 137 statementLog - {conn-10005, pstmt-20000} Parameters : [5, null]
[2019-03-30 16:39:00] DEBUG 137 statementLog - {conn-10005, pstmt-20000} Types : [INTEGER, OTHER]
[2019-03-30 16:39:00] DEBUG 137 statementLog - {conn-10005, pstmt-20000} executed. 2.746435 millis. SELECT
        t1.id,
        t1.menu_name,
        t1.url,
        t1.LEVEL,
        t1.img,
        t1.parent_id,
        t1.role_id,
        t2.id AS sec_id,
        t2.menu_name AS sec_menu,
        t2.url AS sec_url,
        t2.LEVEL AS sec_level
    FROM
        menu t1
        LEFT JOIN menu t2 ON ( t1.id = t2.parent_id AND t1.role_id = t2.role_id )
    WHERE
        ( t1.id = ? OR t2.id = ? )
        AND ( t1.LEVEL = 1 OR t2.LEVEL = 2 )
        AND ( LENGTH( trim( t1.url ) ) >= 1 OR LENGTH( trim( t2.url ) ) >= 1 );
[2019-03-30 16:39:00] DEBUG 137 statementLog - {conn-10005, pstmt-20000} clearParameters. 
[2019-03-30 16:39:00] DEBUG 137 statementLog - {conn-10005, pstmt-20000} closed
